<?xml version="1.0" encoding="UTF-8"?>
<!-- Generated by org.testng.reporters.JUnitXMLReporter -->
<testsuite ignored="1" hostname="LAPTOP-HD1T1KDQ" failures="0" tests="19" name="Default test" time="0.215" errors="0" timestamp="27 Feb 2023 17:24:34 GMT">
  <testcase classname="org.grop.Gropp3" name="tc1" time="0.011"/>
  <testcase classname="org.grop.Gropp3" name="tc2" time="0.003"/>
  <testcase classname="org.grop.Gropp3" name="tc2" time="0.005"/>
  <testcase classname="org.grop.Gropp3" name="tc2" time="0.001"/>
  <testcase classname="org.grop.Gropp3" name="tc2" time="0.001"/>
  <testcase classname="org.grop.Gropp3" name="tc2" time="0.0"/>
  <testcase classname="org.grop.Gropp3" name="tc2" time="0.001"/>
  <testcase classname="org.grop.Gropp3" name="tc2" time="0.002"/>
  <testcase classname="org.grop.Gropp3" name="tc2" time="0.002"/>
  <testcase classname="org.grop.Gropp3" name="tc2" time="0.008"/>
  <testcase classname="org.grop.Gropp3" name="tc4" time="0.011"/>
  <testcase classname="org.grop.Gropp3" name="tc4" time="0.005"/>
  <testcase classname="org.grop.Gropp3" name="tc4" time="0.004"/>
  <testcase classname="org.grop.Gropp3" name="tc4" time="0.001"/>
  <testcase classname="org.grop.Gropp3" name="tc4" time="0.002"/>
  <testcase classname="org.grop.Gropp3" name="tc4" time="0.003"/>
  <testcase classname="org.grop.Gropp3" name="tc4" time="0.001"/>
  <testcase classname="org.grop.Gropp3" name="tc4" time="0.005"/>
  <testcase classname="org.grop.Gropp3" name="tc4" time="0.004"/>
  <testcase classname="org.grop.Gropp3" name="tc3" time="0.0">
    <ignored/>
  </testcase> <!-- tc3 -->
</testsuite> <!-- Default test -->
