<?xml version="1.0" encoding="UTF-8"?>
<!-- Generated by org.testng.reporters.JUnitXMLReporter -->
<testsuite ignored="7" hostname="LAPTOP-HD1T1KDQ" failures="0" tests="9" name="Test" time="0.134" errors="0" timestamp="27 Feb 2023 17:24:58 GMT">
  <testcase classname="org.grop.Gropp2" name="tc4" time="0.02"/>
  <testcase classname="org.grop.Gropp2" name="tc4" time="0.002"/>
  <testcase classname="org.grop.Gropp2" name="tc4" time="0.003"/>
  <testcase classname="org.grop.Gropp2" name="tc4" time="0.002"/>
  <testcase classname="org.grop.Gropp2" name="tc4" time="0.001"/>
  <testcase classname="org.grop.Gropp2" name="tc4" time="0.004"/>
  <testcase classname="org.grop.Gropp2" name="tc4" time="0.002"/>
  <testcase classname="org.grop.Gropp2" name="tc4" time="0.003"/>
  <testcase classname="org.grop.Gropp2" name="tc4" time="0.004"/>
  <testcase classname="org.grop.Groppp1" name="tc2" time="0.0">
    <ignored/>
  </testcase> <!-- tc2 -->
  <testcase classname="org.grop.Gropp2" name="tc3" time="0.0">
    <ignored/>
  </testcase> <!-- tc3 -->
  <testcase classname="org.grop.Gropp3" name="tc1" time="0.0">
    <ignored/>
  </testcase> <!-- tc1 -->
  <testcase classname="org.grop.Gropp2" name="tc2" time="0.0">
    <ignored/>
  </testcase> <!-- tc2 -->
  <testcase classname="org.grop.Gropp3" name="tc3" time="0.0">
    <ignored/>
  </testcase> <!-- tc3 -->
  <testcase classname="org.grop.Groppp1" name="tc4" time="0.0">
    <ignored/>
  </testcase> <!-- tc4 -->
  <testcase classname="org.grop.Gropp2" name="tc1" time="0.0">
    <ignored/>
  </testcase> <!-- tc1 -->
</testsuite> <!-- Test -->
