<?xml version="1.0" encoding="UTF-8"?>
<testng-results ignored="7" total="16" passed="9" failed="0" skipped="0">
  <reporter-output>
  </reporter-output>
  <suite started-at="2023-02-27T17:24:58Z" name="Suite" finished-at="2023-02-27T17:24:58Z" duration-ms="134">
    <groups>
      <group name="men">
        <method signature="Gropp2.tc4()[pri:-5, instance:org.grop.Gropp2@3688eb5b]" name="tc4" class="org.grop.Gropp2"/>
        <method signature="Gropp3.tc2()[pri:-3, instance:org.grop.Gropp3@600b9d27]" name="tc2" class="org.grop.Gropp3"/>
        <method signature="Gropp3.tc4()[pri:7, instance:org.grop.Gropp3@600b9d27]" name="tc4" class="org.grop.Gropp3"/>
        <method signature="Groppp1.tc1()[pri:0, instance:org.grop.Groppp1@ae3540e]" name="tc1" class="org.grop.Groppp1"/>
        <method signature="Groppp1.tc3()[pri:1, instance:org.grop.Groppp1@ae3540e]" name="tc3" class="org.grop.Groppp1"/>
      </group> <!-- men -->
    </groups>
    <test started-at="2023-02-27T17:24:58Z" name="Test" finished-at="2023-02-27T17:24:58Z" duration-ms="134">
      <class name="org.grop.Gropp2">
        <test-method signature="tc4()[pri:-5, instance:org.grop.Gropp2@3688eb5b]" started-at="2023-02-27T17:24:58Z" name="tc4" finished-at="2023-02-27T17:24:58Z" duration-ms="20" status="PASS">
          <reporter-output>
          </reporter-output>
        </test-method> <!-- tc4 -->
        <test-method signature="tc4()[pri:-5, instance:org.grop.Gropp2@3688eb5b]" started-at="2023-02-27T17:24:58Z" name="tc4" finished-at="2023-02-27T17:24:58Z" duration-ms="2" status="PASS">
          <reporter-output>
          </reporter-output>
        </test-method> <!-- tc4 -->
        <test-method signature="tc4()[pri:-5, instance:org.grop.Gropp2@3688eb5b]" started-at="2023-02-27T17:24:58Z" name="tc4" finished-at="2023-02-27T17:24:58Z" duration-ms="3" status="PASS">
          <reporter-output>
          </reporter-output>
        </test-method> <!-- tc4 -->
        <test-method signature="tc4()[pri:-5, instance:org.grop.Gropp2@3688eb5b]" started-at="2023-02-27T17:24:58Z" name="tc4" finished-at="2023-02-27T17:24:58Z" duration-ms="2" status="PASS">
          <reporter-output>
          </reporter-output>
        </test-method> <!-- tc4 -->
        <test-method signature="tc4()[pri:-5, instance:org.grop.Gropp2@3688eb5b]" started-at="2023-02-27T17:24:58Z" name="tc4" finished-at="2023-02-27T17:24:58Z" duration-ms="1" status="PASS">
          <reporter-output>
          </reporter-output>
        </test-method> <!-- tc4 -->
        <test-method signature="tc4()[pri:-5, instance:org.grop.Gropp2@3688eb5b]" started-at="2023-02-27T17:24:58Z" name="tc4" finished-at="2023-02-27T17:24:58Z" duration-ms="4" status="PASS">
          <reporter-output>
          </reporter-output>
        </test-method> <!-- tc4 -->
        <test-method signature="tc4()[pri:-5, instance:org.grop.Gropp2@3688eb5b]" started-at="2023-02-27T17:24:58Z" name="tc4" finished-at="2023-02-27T17:24:58Z" duration-ms="2" status="PASS">
          <reporter-output>
          </reporter-output>
        </test-method> <!-- tc4 -->
        <test-method signature="tc4()[pri:-5, instance:org.grop.Gropp2@3688eb5b]" started-at="2023-02-27T17:24:58Z" name="tc4" finished-at="2023-02-27T17:24:58Z" duration-ms="3" status="PASS">
          <reporter-output>
          </reporter-output>
        </test-method> <!-- tc4 -->
        <test-method signature="tc4()[pri:-5, instance:org.grop.Gropp2@3688eb5b]" started-at="2023-02-27T17:24:58Z" name="tc4" finished-at="2023-02-27T17:24:58Z" duration-ms="4" status="PASS">
          <reporter-output>
          </reporter-output>
        </test-method> <!-- tc4 -->
      </class> <!-- org.grop.Gropp2 -->
    </test> <!-- Test -->
  </suite> <!-- Suite -->
</testng-results>
